recursive, coars= 20 trial 8 0.012000
Loop, coars= 20 trial 8 0.034000
Hyperobject, coars= 20 trial 8 0.037000
recursive, coars= 40 trial 8 0.010000
Loop, coars= 40 trial 8 0.028000
Hyperobject, coars= 40 trial 8 0.045000
recursive, coars= 60 trial 8 0.010000
Loop, coars= 60 trial 8 0.027000
Hyperobject, coars= 60 trial 8 0.039000
recursive, coars= 80 trial 8 0.009000
Loop, coars= 80 trial 8 0.025000
Hyperobject, coars= 80 trial 8 0.036000
recursive, coars= 100 trial 8 0.008000
Loop, coars= 100 trial 8 0.024000
Hyperobject, coars= 100 trial 8 0.041000
recursive, coars= 120 trial 8 0.009000
Loop, coars= 120 trial 8 0.024000
Hyperobject, coars= 120 trial 8 0.042000
recursive, coars= 140 trial 8 0.009000
Loop, coars= 140 trial 8 0.024000
Hyperobject, coars= 140 trial 8 0.040000
